Base path: C:/Program Files/Unity 5.1.1/Editor/Data
Pipe name: \\.\pipe\UnityShaderCompiler-64bit-1-8964
Cmd: getPlatforms
Cmd: preprocess
  insize=3439 outsize=1021 ok=1
Cmd: compileSnippet
  api=4 type=0 insize=2470 outsize=1006 kw= ok=1
Cmd: compileSnippet
  api=4 type=1 insize=2470 outsize=1347 kw= ok=1
Cmd: compileSnippet
  api=4 type=0 insize=2477 outsize=1006 kw= ok=1
Cmd: compileSnippet
  api=4 type=1 insize=2477 outsize=2289 kw= ok=1
Cmd: compileSnippet
  api=4 type=0 insize=2468 outsize=1006 kw= ok=1
Cmd: compileSnippet
  api=4 type=1 insize=2468 outsize=2062 kw= ok=1
Cmd: compileSnippet
  api=4 type=0 insize=2468 outsize=1006 kw= ok=1
Cmd: compileSnippet
  api=4 type=1 insize=2468 outsize=2159 kw= ok=1
Cmd: compileSnippet
  api=4 type=0 insize=2471 outsize=1006 kw= ok=1
Cmd: compileSnippet
  api=4 type=1 insize=2471 outsize=1924 kw= ok=1
